<?xml version="1.0" encoding="utf-8"?><testsuites name="pytest tests"><testsuite name="pytest" errors="0" failures="0" skipped="0" tests="13" time="3.982" timestamp="2026-01-28T07:21:43.600318+00:00" hostname="agent-env-627c2194-f502-493e-ae45-c1f24f5fc0c0"><testcase classname="backend.tests.test_groompro_api.TestAuthentication" name="test_login_success" time="0.298" /><testcase classname="backend.tests.test_groompro_api.TestAuthentication" name="test_login_invalid_credentials" time="0.042" /><testcase classname="backend.tests.test_groompro_api.TestInvoiceCheckEndpoint" name="test_invoice_check_no_invoice" time="0.346" /><testcase classname="backend.tests.test_groompro_api.TestInvoiceCheckEndpoint" name="test_invoice_check_nonexistent_appointment" time="0.341" /><testcase classname="backend.tests.test_groompro_api.TestAppointmentsAPI" name="test_get_appointments" time="0.300" /><testcase classname="backend.tests.test_groompro_api.TestAppointmentsAPI" name="test_appointments_date_format" time="0.298" /><testcase classname="backend.tests.test_groompro_api.TestAppointmentsAPI" name="test_upcoming_appointments_filter" time="0.306" /><testcase classname="backend.tests.test_groompro_api.TestClientsAPI" name="test_get_clients" time="0.299" /><testcase classname="backend.tests.test_groompro_api.TestClientsAPI" name="test_get_client_appointments" time="0.336" /><testcase classname="backend.tests.test_groompro_api.TestRecurringAppointments" name="test_recurring_appointments_exist" time="0.299" /><testcase classname="backend.tests.test_groompro_api.TestRecurringAppointments" name="test_recurring_series_consistency" time="0.338" /><testcase classname="backend.tests.test_groompro_api.TestInvoicesAPI" name="test_get_invoices" time="0.298" /><testcase classname="backend.tests.test_groompro_api.TestInvoicesAPI" name="test_invoice_appointment_link" time="0.410" /></testsuite></testsuites>