<?xml version="1.0" encoding="utf-8"?><testsuites name="pytest tests"><testsuite name="pytest" errors="0" failures="0" skipped="0" tests="22" time="2.283" timestamp="2026-01-12T04:10:06.126376+00:00" hostname="agent-env-e9ffedcf-991b-4549-bca5-dd69bf156757"><testcase classname="tests.test_backend_api.TestAuth" name="test_login_success" time="0.318" /><testcase classname="tests.test_backend_api.TestAuth" name="test_login_invalid_credentials" time="0.037" /><testcase classname="tests.test_backend_api.TestAuth" name="test_get_me_authenticated" time="0.296" /><testcase classname="tests.test_backend_api.TestAuth" name="test_get_me_unauthenticated" time="0.031" /><testcase classname="tests.test_backend_api.TestClients" name="test_get_clients" time="0.040" /><testcase classname="tests.test_backend_api.TestClients" name="test_create_client" time="0.043" /><testcase classname="tests.test_backend_api.TestClients" name="test_get_client_by_id" time="0.500" /><testcase classname="tests.test_backend_api.TestServices" name="test_get_services" time="0.041" /><testcase classname="tests.test_backend_api.TestServices" name="test_create_service" time="0.033" /><testcase classname="tests.test_backend_api.TestAppointments" name="test_get_appointments" time="0.035" /><testcase classname="tests.test_backend_api.TestAppointments" name="test_get_appointments_with_date_filter" time="0.037" /><testcase classname="tests.test_backend_api.TestAppointments" name="test_create_appointment" time="0.112" /><testcase classname="tests.test_backend_api.TestAppointments" name="test_update_appointment" time="0.300" /><testcase classname="tests.test_backend_api.TestSMSTemplates" name="test_get_sms_templates" time="0.043" /><testcase classname="tests.test_backend_api.TestSettings" name="test_get_settings" time="0.038" /><testcase classname="tests.test_backend_api.TestSettings" name="test_update_settings" time="0.034" /><testcase classname="tests.test_backend_api.TestDashboard" name="test_get_dashboard_stats" time="0.042" /><testcase classname="tests.test_backend_api.TestPets" name="test_get_pets" time="0.036" /><testcase classname="tests.test_backend_api.TestPets" name="test_get_pets_by_client" time="0.076" /><testcase classname="tests.test_backend_api.TestInvoices" name="test_get_invoices" time="0.038" /><testcase classname="tests.test_backend_api.TestWaitlist" name="test_get_waitlist" time="0.038" /><testcase classname="tests.test_backend_api.TestAPIRoot" name="test_api_root" time="0.035" /></testsuite></testsuites>